<?xml version="1.0" encoding="UTF-8"?>
<testng-results skipped="0" failed="0" ignored="0" total="1" passed="1">
  <reporter-output>
  </reporter-output>
  <suite name="Default suite" duration-ms="27112" started-at="2018-06-29T12:01:49Z" finished-at="2018-06-29T12:02:16Z">
    <groups>
    </groups>
    <test name="Default test" duration-ms="27112" started-at="2018-06-29T12:01:49Z" finished-at="2018-06-29T12:02:16Z">
      <class name="NewTest">
        <test-method status="PASS" signature="launch_browser()[pri:0, instance:NewTest@2b98378d]" name="launch_browser" is-config="true" duration-ms="6251" started-at="2018-06-29T17:31:49Z" finished-at="2018-06-29T17:31:55Z">
          <reporter-output>
          </reporter-output>
        </test-method> <!-- launch_browser -->
        <test-method status="PASS" signature="f()[pri:0, instance:NewTest@2b98378d]" name="f" duration-ms="20827" started-at="2018-06-29T17:31:55Z" finished-at="2018-06-29T17:32:16Z">
          <reporter-output>
          </reporter-output>
        </test-method> <!-- f -->
        <test-method status="PASS" signature="afterTest()[pri:0, instance:NewTest@2b98378d]" name="afterTest" is-config="true" duration-ms="0" started-at="2018-06-29T17:32:16Z" finished-at="2018-06-29T17:32:16Z">
          <reporter-output>
          </reporter-output>
        </test-method> <!-- afterTest -->
      </class> <!-- NewTest -->
    </test> <!-- Default test -->
  </suite> <!-- Default suite -->
</testng-results>
